<?xml version="1.0" encoding="UTF-8"?>
<testng-results ignored="0" total="1" passed="1" failed="0" skipped="0">
  <reporter-output>
  </reporter-output>
  <suite started-at="2022-12-26T10:39:53 IST" name="InetBankingSuite01" finished-at="2022-12-26T10:40:14 IST" duration-ms="21084">
    <groups>
    </groups>
    <test started-at="2022-12-26T10:39:53 IST" name="BankingApp Test" finished-at="2022-12-26T10:40:14 IST" duration-ms="21084">
      <class name="inetbanking.testCases.Tc_LoginTest_001">
        <test-method is-config="true" signature="setup(java.lang.String)[pri:0, instance:inetbanking.testCases.Tc_LoginTest_001@3754a4bf]" started-at="2022-12-26T10:39:53 IST" name="setup" finished-at="2022-12-26T10:40:09 IST" duration-ms="15940" status="PASS">
          <params>
            <param index="0">
              <value>
                <![CDATA[Chrome]]>
              </value>
            </param>
          </params>
          <reporter-output>
          </reporter-output>
        </test-method> <!-- setup -->
        <test-method signature="LoginTest()[pri:0, instance:inetbanking.testCases.Tc_LoginTest_001@3754a4bf]" started-at="2022-12-26T10:40:09 IST" name="LoginTest" finished-at="2022-12-26T10:40:13 IST" duration-ms="4518" status="PASS">
          <reporter-output>
          </reporter-output>
        </test-method> <!-- LoginTest -->
        <test-method is-config="true" signature="teardown()[pri:0, instance:inetbanking.testCases.Tc_LoginTest_001@3754a4bf]" started-at="2022-12-26T10:40:13 IST" name="teardown" finished-at="2022-12-26T10:40:14 IST" duration-ms="288" status="PASS">
          <reporter-output>
          </reporter-output>
        </test-method> <!-- teardown -->
      </class> <!-- inetbanking.testCases.Tc_LoginTest_001 -->
    </test> <!-- BankingApp Test -->
  </suite> <!-- InetBankingSuite01 -->
</testng-results>
