<?xml version="1.0" encoding="UTF-8"?>
<testng-results ignored="0" total="1" passed="1" failed="0" skipped="0">
  <reporter-output>
  </reporter-output>
  <suite started-at="2022-12-26T09:33:32 IST" name="InetBankingSuite01" finished-at="2022-12-26T09:33:44 IST" duration-ms="12313">
    <groups>
    </groups>
    <test started-at="2022-12-26T09:33:32 IST" name="BankingApp Test" finished-at="2022-12-26T09:33:44 IST" duration-ms="12313">
      <class name="inetbanking.testCases.Tc_LoginTest_001">
        <test-method is-config="true" signature="setup(java.lang.String)[pri:0, instance:inetbanking.testCases.Tc_LoginTest_001@57a3af25]" started-at="2022-12-26T09:33:33 IST" name="setup" finished-at="2022-12-26T09:33:41 IST" duration-ms="8508" status="PASS">
          <params>
            <param index="0">
              <value>
                <![CDATA[Chrome]]>
              </value>
            </param>
          </params>
          <reporter-output>
          </reporter-output>
        </test-method> <!-- setup -->
        <test-method signature="LoginTest()[pri:0, instance:inetbanking.testCases.Tc_LoginTest_001@57a3af25]" started-at="2022-12-26T09:33:41 IST" name="LoginTest" finished-at="2022-12-26T09:33:44 IST" duration-ms="3004" status="PASS">
          <reporter-output>
          </reporter-output>
        </test-method> <!-- LoginTest -->
        <test-method is-config="true" signature="teardown()[pri:0, instance:inetbanking.testCases.Tc_LoginTest_001@57a3af25]" started-at="2022-12-26T09:33:44 IST" name="teardown" finished-at="2022-12-26T09:33:44 IST" duration-ms="306" status="PASS">
          <reporter-output>
          </reporter-output>
        </test-method> <!-- teardown -->
      </class> <!-- inetbanking.testCases.Tc_LoginTest_001 -->
    </test> <!-- BankingApp Test -->
  </suite> <!-- InetBankingSuite01 -->
</testng-results>
